#
# There is insufficient memory for the Java Runtime Environment to continue.
# Native memory allocation (mmap) failed to map 134217728 bytes for Failed to commit area from 0x0000000081800000 to 0x0000000089800000 of length 134217728.
# Possible reasons:
#   The system is out of physical RAM or swap space
#   The process is running with CompressedOops enabled, and the Java Heap may be blocking the growth of the native heap
# Possible solutions:
#   Reduce memory load on the system
#   Increase physical memory or swap space
#   Check if swap backing store is full
#   Decrease Java heap size (-Xmx/-Xms)
#   Decrease number of Java threads
#   Decrease Java thread stack sizes (-Xss)
#   Set larger code cache with -XX:ReservedCodeCacheSize=
# This output file may be truncated or incomplete.
#
#  Out of Memory Error (./open/src/hotspot/os/windows/os_windows.cpp:3273), pid=7080, tid=6996
#
# JRE version:  (11.0.10+8) (build )
# Java VM: Java HotSpot(TM) 64-Bit Server VM (11.0.10+8-LTS-162, mixed mode, sharing, tiered, compressed oops, g1 gc, windows-amd64)
# No core dump will be written. Minidumps are not enabled by default on client versions of Windows
#

---------------  S U M M A R Y ------------

Command Line: -agentlib:jdwp=transport=dt_socket,address=127.0.0.1:52990,suspend=y,server=n -javaagent:C:\Users\nguye\AppData\Local\JetBrains\IdeaIC2020.3\captureAgent\debugger-agent.jar -Dfile.encoding=UTF-8 com.thesis.innmanagement.InnManagementApplication

Host: Intel(R) Core(TM) i5-7200U CPU @ 2.50GHz, 4 cores, 7G,  Windows 10 , 64 bit Build 19041 (10.0.19041.928)
Time: Thu May 13 19:45:11 2021 SE Asia Standard Time elapsed time: 0.129172 seconds (0d 0h 0m 0s)

---------------  T H R E A D  ---------------

Current thread (0x000002bb18f38000):  JavaThread "Unknown thread" [_thread_in_vm, id=6996, stack(0x000000e698a00000,0x000000e698b00000)]

Stack: [0x000000e698a00000,0x000000e698b00000]
Native frames: (J=compiled Java code, j=interpreted, Vv=VM code, C=native code)
V  [jvm.dll+0x613e6a]
V  [jvm.dll+0x74c1ff]
V  [jvm.dll+0x74d885]
V  [jvm.dll+0x74df03]
V  [jvm.dll+0x243b78]
V  [jvm.dll+0x61125a]
V  [jvm.dll+0x606165]
V  [jvm.dll+0x2f85fc]
V  [jvm.dll+0x2f8482]
V  [jvm.dll+0x2fd136]
V  [jvm.dll+0x33f6bf]
V  [jvm.dll+0x33f0f0]
V  [jvm.dll+0x2d5d08]
V  [jvm.dll+0x2d6e66]
V  [jvm.dll+0x727d17]
V  [jvm.dll+0x7295bf]
V  [jvm.dll+0x34c4a9]
V  [jvm.dll+0x70d6b0]
V  [jvm.dll+0x3b584f]
V  [jvm.dll+0x3b7951]
C  [jli.dll+0x520b]
C  [ucrtbase.dll+0x21bb2]
C  [KERNEL32.DLL+0x17034]
C  [ntdll.dll+0x52651]


---------------  P R O C E S S  ---------------

Threads class SMR info:
_java_thread_list=0x000002bb16e6a650, length=0, elements={
}

Java Threads: ( => current thread )

Other Threads:
  0x000002bb18f4d000 GCTaskThread "GC Thread#0" [stack: 0x000000e698b00000,0x000000e698c00000] [id=15196]
  0x000002bb18f78000 ConcurrentGCThread "G1 Main Marker" [stack: 0x000000e698c00000,0x000000e698d00000] [id=12696]
  0x000002bb18f79800 ConcurrentGCThread "G1 Conc#0" [stack: 0x000000e698d00000,0x000000e698e00000] [id=13736]

[error occurred during error reporting (printing all threads), id 0xc0000005, EXCEPTION_ACCESS_VIOLATION (0xc0000005) at pc=0x00007ffabae44f57]

VM state:not at safepoint (not fully initialized)

VM Mutex/Monitor currently owned by a thread:  ([mutex/lock_event])
[0x000002bb18f34610] Heap_lock - owner thread: 0x000002bb18f38000

Heap address: 0x0000000081800000, size: 2024 MB, Compressed Oops mode: Non-zero based: 0x0000000081800000
Narrow klass base: 0x0000000000000000, Narrow klass shift: 0

GC Heap History (0 events):
No events

Deoptimization events (0 events):
No events

Classes redefined (0 events):
No events

Internal exceptions (0 events):
No events

Events (0 events):
No events


Dynamic libraries:
0x00007ff679240000 - 0x00007ff67924f000 	C:\Program Files\Java\jdk-11.0.10\bin\java.exe
0x00007ffb041d0000 - 0x00007ffb043c5000 	C:\WINDOWS\SYSTEM32\ntdll.dll
0x00007ffb03f00000 - 0x00007ffb03fbd000 	C:\WINDOWS\System32\KERNEL32.DLL
0x00007ffb01cf0000 - 0x00007ffb01fb8000 	C:\WINDOWS\System32\KERNELBASE.dll
0x00007ffb01b00000 - 0x00007ffb01c00000 	C:\WINDOWS\System32\ucrtbase.dll
0x00007ffaf87c0000 - 0x00007ffaf87d8000 	C:\Program Files\Java\jdk-11.0.10\bin\jli.dll
0x00007ffb02880000 - 0x00007ffb0292c000 	C:\WINDOWS\System32\ADVAPI32.dll
0x00007ffb03e60000 - 0x00007ffb03efe000 	C:\WINDOWS\System32\msvcrt.dll
0x00007ffb04010000 - 0x00007ffb040ab000 	C:\WINDOWS\System32\sechost.dll
0x00007ffb02230000 - 0x00007ffb0235b000 	C:\WINDOWS\System32\RPCRT4.dll
0x00007ffb038c0000 - 0x00007ffb03a60000 	C:\WINDOWS\System32\USER32.dll
0x00007ffb01ad0000 - 0x00007ffb01af2000 	C:\WINDOWS\System32\win32u.dll
0x00007ffaf8390000 - 0x00007ffaf83a5000 	C:\Program Files\Java\jdk-11.0.10\bin\VCRUNTIME140.dll
0x00007ffb02850000 - 0x00007ffb0287a000 	C:\WINDOWS\System32\GDI32.dll
0x00007ffb02120000 - 0x00007ffb0222b000 	C:\WINDOWS\System32\gdi32full.dll
0x00007ffaf5170000 - 0x00007ffaf540a000 	C:\WINDOWS\WinSxS\amd64_microsoft.windows.common-controls_6595b64144ccf1df_6.0.19041.844_none_ca00b6081b84eb1d\COMCTL32.dll
0x00007ffb01c00000 - 0x00007ffb01c9d000 	C:\WINDOWS\System32\msvcp_win.dll
0x00007ffaf90a0000 - 0x00007ffaf90aa000 	C:\WINDOWS\SYSTEM32\VERSION.dll
0x00007ffb03fe0000 - 0x00007ffb04010000 	C:\WINDOWS\System32\IMM32.DLL
0x00007ffac31b0000 - 0x00007ffac324b000 	C:\Program Files\Java\jdk-11.0.10\bin\msvcp140.dll
0x00007ffabab60000 - 0x00007ffabb65b000 	C:\Program Files\Java\jdk-11.0.10\bin\server\jvm.dll
0x00007ffb02b70000 - 0x00007ffb02b78000 	C:\WINDOWS\System32\PSAPI.DLL
0x00007ffaf1d80000 - 0x00007ffaf1d89000 	C:\WINDOWS\SYSTEM32\WSOCK32.dll
0x00007ffb03100000 - 0x00007ffb0316b000 	C:\WINDOWS\System32\WS2_32.dll
0x00007ffaf77d0000 - 0x00007ffaf77f7000 	C:\WINDOWS\SYSTEM32\WINMM.dll
0x00007ffb00230000 - 0x00007ffb00242000 	C:\WINDOWS\SYSTEM32\kernel.appcore.dll
0x00007ffaf87b0000 - 0x00007ffaf87c0000 	C:\Program Files\Java\jdk-11.0.10\bin\verify.dll
0x00007ffaff710000 - 0x00007ffaff8f4000 	C:\WINDOWS\SYSTEM32\DBGHELP.DLL
0x00007ffaf9070000 - 0x00007ffaf909c000 	C:\WINDOWS\SYSTEM32\dbgcore.DLL
0x00007ffb019a0000 - 0x00007ffb01a20000 	C:\WINDOWS\System32\bcryptPrimitives.dll
0x00007ffaf8360000 - 0x00007ffaf8388000 	C:\Program Files\Java\jdk-11.0.10\bin\java.dll
0x00007ffaf8250000 - 0x00007ffaf825a000 	C:\Program Files\Java\jdk-11.0.10\bin\jimage.dll
0x00007ffae01c0000 - 0x00007ffae01f8000 	C:\Program Files\Java\jdk-11.0.10\bin\jdwp.dll
0x00007ffaf8240000 - 0x00007ffaf824e000 	C:\Program Files\Java\jdk-11.0.10\bin\instrument.dll
0x00007ffaf73d0000 - 0x00007ffaf73e6000 	C:\Program Files\Java\jdk-11.0.10\bin\zip.dll

dbghelp: loaded successfully - version: 4.0.5 - missing functions: none
symbol engine: initialized successfully - sym options: 0x614 - pdb path: .;C:\Program Files\Java\jdk-11.0.10\bin;C:\WINDOWS\SYSTEM32;C:\WINDOWS\WinSxS\amd64_microsoft.windows.common-controls_6595b64144ccf1df_6.0.19041.844_none_ca00b6081b84eb1d;C:\Program Files\Java\jdk-11.0.10\bin\server

VM Arguments:
jvm_args: -agentlib:jdwp=transport=dt_socket,address=127.0.0.1:52990,suspend=y,server=n -javaagent:C:\Users\nguye\AppData\Local\JetBrains\IdeaIC2020.3\captureAgent\debugger-agent.jar -Dfile.encoding=UTF-8 
java_command: com.thesis.innmanagement.InnManagementApplication
java_class_path (initial): D:\TAI LIEU\2020-2021\HK2(2020-2021)\KLTN\New folder\target\classes;C:\Users\nguye\.m2\repository\org\springframework\boot\spring-boot-starter-data-jpa\2.4.3\spring-boot-starter-data-jpa-2.4.3.jar;C:\Users\nguye\.m2\repository\org\springframework\boot\spring-boot-starter-aop\2.4.3\spring-boot-starter-aop-2.4.3.jar;C:\Users\nguye\.m2\repository\org\springframework\spring-aop\5.3.4\spring-aop-5.3.4.jar;C:\Users\nguye\.m2\repository\org\aspectj\aspectjweaver\1.9.6\aspectjweaver-1.9.6.jar;C:\Users\nguye\.m2\repository\org\springframework\boot\spring-boot-starter-jdbc\2.4.3\spring-boot-starter-jdbc-2.4.3.jar;C:\Users\nguye\.m2\repository\com\zaxxer\HikariCP\3.4.5\HikariCP-3.4.5.jar;C:\Users\nguye\.m2\repository\org\springframework\spring-jdbc\5.3.4\spring-jdbc-5.3.4.jar;C:\Users\nguye\.m2\repository\jakarta\transaction\jakarta.transaction-api\1.3.3\jakarta.transaction-api-1.3.3.jar;C:\Users\nguye\.m2\repository\jakarta\persistence\jakarta.persistence-api\2.2.3\jakarta.persistence-api-2.2.3.jar;C:\Users\nguye\.m2\repository\org\hibernate\hibernate-core\5.4.28.Final\hibernate-core-5.4.28.Final.jar;C:\Users\nguye\.m2\repository\org\jboss\logging\jboss-logging\3.4.1.Final\jboss-logging-3.4.1.Final.jar;C:\Users\nguye\.m2\repository\org\javassist\javassist\3.27.0-GA\javassist-3.27.0-GA.jar;C:\Users\nguye\.m2\repository\antlr\antlr\2.7.7\antlr-2.7.7.jar;C:\Users\nguye\.m2\repository\org\jboss\jandex\2.2.3.Final\jandex-2.2.3.Final.jar;C:\Users\nguye\.m2\repository\com\fasterxml\classmate\1.5.1\classmate-1.5.1.jar;C:\Users\nguye\.m2\repository\org\dom4j\dom4j\2.1.3\dom4j-2.1.3.jar;C:\Users\nguye\.m2\repository\org\hibernate\common\hibernate-commons-annotations\5.1.2.Final\hibernate-commons-annotations-5.1.2.Final.jar;C:\Users\nguye\.m2\repository\org\glassfish\jaxb\jaxb-runtime\2.3.3\jaxb-runtime-2.3.3.jar;C:\Users\nguye\.m2\repository\org\glassfish\jaxb\txw2\2.3.3\txw2-2.3.3.jar;C:\Users\nguye\.m2\repository\com\sun\istack\istack-commons-runtime\3.0.
Launcher Type: SUN_STANDARD

[Global flags]
     intx CICompilerCount                          = 3                                         {product} {ergonomic}
     uint ConcGCThreads                            = 1                                         {product} {ergonomic}
     uint G1ConcRefinementThreads                  = 4                                         {product} {ergonomic}
   size_t G1HeapRegionSize                         = 1048576                                   {product} {ergonomic}
    uintx GCDrainStackTargetSize                   = 64                                        {product} {ergonomic}
   size_t InitialHeapSize                          = 134217728                                 {product} {ergonomic}
   size_t MarkStackSize                            = 4194304                                   {product} {ergonomic}
   size_t MaxHeapSize                              = 2122317824                                {product} {ergonomic}
   size_t MinHeapDeltaBytes                        = 1048576                                   {product} {ergonomic}
    uintx NonNMethodCodeHeapSize                   = 5830732                                {pd product} {ergonomic}
    uintx NonProfiledCodeHeapSize                  = 122913754                              {pd product} {ergonomic}
    uintx ProfiledCodeHeapSize                     = 122913754                              {pd product} {ergonomic}
    uintx ReservedCodeCacheSize                    = 251658240                              {pd product} {ergonomic}
     bool SegmentedCodeCache                       = true                                      {product} {ergonomic}
     bool UseCompressedClassPointers               = true                                 {lp64_product} {ergonomic}
     bool UseCompressedOops                        = true                                 {lp64_product} {ergonomic}
     bool UseG1GC                                  = true                                      {product} {ergonomic}
     bool UseLargePagesIndividualAllocation        = false                                  {pd product} {ergonomic}

Logging:
Log output configuration:
 #0: stdout all=warning uptime,level,tags
 #1: stderr all=off uptime,level,tags

Environment Variables:
PATH=C:\Program Files\Common Files\Oracle\Java\javapath;C:\WINDOWS\system32;C:\WINDOWS;C:\WINDOWS\System32\Wbem;C:\WINDOWS\System32\WindowsPowerShell\v1.0\;C:\WINDOWS\System32\OpenSSH\;C:\Program Files\nodejs\;C:\Program Files\Git\cmd;C:\Users\nguye\AppData\Local\Microsoft\WindowsApps;C:\Users\nguye\AppData\Local\Programs\Microsoft VS Code\bin;C:\Users\nguye\AppData\Roaming\npm;C:\Users\nguye\AppData\Local\GitHubDesktop\bin
USERNAME=nguye
OS=Windows_NT
PROCESSOR_IDENTIFIER=Intel64 Family 6 Model 142 Stepping 9, GenuineIntel



---------------  S Y S T E M  ---------------

OS: Windows 10 , 64 bit Build 19041 (10.0.19041.928)

CPU:total 4 (initial active 4) (2 cores per cpu, 2 threads per core) family 6 model 142 stepping 9 microcode 0xde, cmov, cx8, fxsr, mmx, sse, sse2, sse3, ssse3, sse4.1, sse4.2, popcnt, avx, avx2, aes, clmul, erms, 3dnowpref, lzcnt, ht, tsc, tscinvbit, bmi1, bmi2, adx, fma

Memory: 4k page, system-wide physical 8090M (531M free)
TotalPageFile size 32666M (AvailPageFile size 73M)
current process WorkingSet (physical memory assigned to process): 9M, peak: 9M
current process commit charge ("private bytes"): 51M, peak: 179M

vm_info: Java HotSpot(TM) 64-Bit Server VM (11.0.10+8-LTS-162) for windows-amd64 JRE (11.0.10+8-LTS-162), built on Dec  8 2020 16:32:57 by "mach5one" with MS VC++ 15.9 (VS2017)

END.
